<?xml version="1.0" encoding="UTF-8"?>
<testsuites name="jest tests" tests="2" failures="0" errors="0" time="4.087">
  <testsuite name="API - /v1" errors="0" failures="0" skipped="0" timestamp="2022-01-23T12:58:26" time="2.906" tests="1">
    <testcase classname="API - /v1 GET /tasks responds with 200" name="API - /v1 GET /tasks responds with 200" time="0.022">
    </testcase>
  </testsuite>
  <testsuite name="API - /ping" errors="0" failures="0" skipped="0" timestamp="2022-01-23T12:58:29" time="0.449" tests="1">
    <testcase classname="API - /ping responds with 200" name="API - /ping responds with 200" time="0.005">
    </testcase>
  </testsuite>
</testsuites>